!SESSION 2018-11-23 12:07:45.260 -----------------------------------------------
eclipse.buildId=4.6.2.M20161124-1400
java.version=1.8.0_112
java.vendor=Oracle Corporation
BootLoader constants: OS=win32, ARCH=x86, WS=win32, NL=en_PH
Framework arguments:  -product org.eclipse.epp.package.jee.product
Command-line arguments:  -os win32 -ws win32 -arch x86 -product org.eclipse.epp.package.jee.product

!ENTRY org.eclipse.egit.ui 2 0 2018-11-23 12:08:33.028
!MESSAGE Warning: The environment variable HOME is not set. The following directory will be used to store the Git
user global configuration and to define the default location to store repositories: 'C:\Users\RM A-206'. If this is
not correct please set the HOME environment variable and restart Eclipse. Otherwise Git for Windows and
EGit might behave differently since they see different configuration options.
This warning can be switched off on the Team > Git > Confirmations and Warnings preference page.

!ENTRY org.eclipse.epp.logging.aeri.ide 2 17 2018-11-23 12:08:36.008
!MESSAGE Server ‘org.eclipse.epp.logging.aeri.ide.server’ failed with exception: Connect to dev.eclipse.org:443 [dev.eclipse.org/198.41.30.200] failed: connect timed out. ; version: 2.0.3.v20161205-0933
!STACK 0
org.apache.http.conn.ConnectTimeoutException: Connect to dev.eclipse.org:443 [dev.eclipse.org/198.41.30.200] failed: connect timed out
	at org.apache.http.impl.conn.HttpClientConnectionOperator.connect(HttpClientConnectionOperator.java:134)
	at org.apache.http.impl.conn.PoolingHttpClientConnectionManager.connect(PoolingHttpClientConnectionManager.java:319)
	at org.apache.http.impl.execchain.MainClientExec.establishRoute(MainClientExec.java:363)
	at org.apache.http.impl.execchain.MainClientExec.execute(MainClientExec.java:219)
	at org.apache.http.impl.execchain.ProtocolExec.execute(ProtocolExec.java:195)
	at org.apache.http.impl.execchain.RetryExec.execute(RetryExec.java:86)
	at org.apache.http.impl.execchain.RedirectExec.execute(RedirectExec.java:108)
	at org.apache.http.impl.client.InternalHttpClient.doExecute(InternalHttpClient.java:184)
	at org.apache.http.impl.client.CloseableHttpClient.execute(CloseableHttpClient.java:82)
	at org.apache.http.impl.client.CloseableHttpClient.execute(CloseableHttpClient.java:57)
	at org.apache.http.client.fluent.Executor.execute(Executor.java:206)
	at org.eclipse.epp.internal.logging.aeri.ide.server.mars.IO.request(IO.java:206)
	at org.eclipse.epp.internal.logging.aeri.ide.server.mars.IO.refreshConfiguration(IO.java:68)
	at org.eclipse.epp.internal.logging.aeri.ide.server.mars.ServerConnection.startUp(ServerConnection.java:124)
	at com.google.common.util.concurrent.AbstractIdleService$2$1.run(AbstractIdleService.java:54)
	at com.google.common.util.concurrent.Callables$3.run(Callables.java:93)
	at java.lang.Thread.run(Unknown Source)
Caused by: java.net.SocketTimeoutException: connect timed out
	at java.net.DualStackPlainSocketImpl.waitForConnect(Native Method)
	at java.net.DualStackPlainSocketImpl.socketConnect(Unknown Source)
	at java.net.AbstractPlainSocketImpl.doConnect(Unknown Source)
	at java.net.AbstractPlainSocketImpl.connectToAddress(Unknown Source)
	at java.net.AbstractPlainSocketImpl.connect(Unknown Source)
	at java.net.PlainSocketImpl.connect(Unknown Source)
	at java.net.SocksSocketImpl.connect(Unknown Source)
	at java.net.Socket.connect(Unknown Source)
	at org.apache.http.conn.ssl.SSLConnectionSocketFactory.connectSocket(SSLConnectionSocketFactory.java:244)
	at org.apache.http.impl.conn.HttpClientConnectionOperator.connect(HttpClientConnectionOperator.java:125)
	... 16 more

!ENTRY org.eclipse.jface.text 2 0 2018-11-23 12:10:14.398
!MESSAGE Duplicate template id: 'org.eclipse.wst.xslt.templates.xpath.number'

!ENTRY org.eclipse.jface.text 2 0 2018-11-23 12:10:14.398
!MESSAGE Duplicate template id: 'org.eclipse.wst.xslt.templates.xpath.round'

!ENTRY org.eclipse.jface.text 2 0 2018-11-23 12:10:14.476
!MESSAGE Duplicate template id: 'org.eclipse.wst.xslt.templates.xpath.number'

!ENTRY org.eclipse.jface.text 2 0 2018-11-23 12:10:14.476
!MESSAGE Duplicate template id: 'org.eclipse.wst.xslt.templates.xpath.round'

!ENTRY org.eclipse.equinox.event 4 0 2018-11-23 13:31:21.670
!MESSAGE Exception while dispatching event org.osgi.service.event.Event [topic=org/eclipse/e4/ui/model/ui/UIElement/widget/SET] {ChangedElement=org.eclipse.e4.ui.model.application.ui.basic.impl.PartImpl@7084ec (elementId: org.eclipse.e4.ui.compatibility.editor, tags: [Editor, org.eclipse.jdt.ui.CompilationUnitEditor, removeOnHide], contributorURI: null) (widget: null, renderer: org.eclipse.e4.ui.workbench.renderers.swt.ContributedPartRenderer@195100f, toBeRendered: true, onTop: false, visible: true, containerData: null, accessibilityPhrase: null) (contributionURI: bundleclass://org.eclipse.ui.workbench/org.eclipse.ui.internal.e4.compatibility.CompatibilityEditor, object: org.eclipse.ui.internal.e4.compatibility.CompatibilityEditor@decc1e, context: PartImpl (org.eclipse.e4.ui.compatibility.editor) Context, variables: [], label: Conversion.java, iconURI: platform:/plugin/org.eclipse.jdt.ui/icons/full/obj16/jcu_obj.png, tooltip: null, dirty: false, closeable: true, description: null), Widget=null, org.eclipse.e4.data={ChangedElement=org.eclipse.e4.ui.model.application.ui.basic.impl.PartImpl@7084ec (elementId: org.eclipse.e4.ui.compatibility.editor, tags: [Editor, org.eclipse.jdt.ui.CompilationUnitEditor, removeOnHide], contributorURI: null) (widget: null, renderer: org.eclipse.e4.ui.workbench.renderers.swt.ContributedPartRenderer@195100f, toBeRendered: true, onTop: false, visible: true, containerData: null, accessibilityPhrase: null) (contributionURI: bundleclass://org.eclipse.ui.workbench/org.eclipse.ui.internal.e4.compatibility.CompatibilityEditor, object: org.eclipse.ui.internal.e4.compatibility.CompatibilityEditor@decc1e, context: PartImpl (org.eclipse.e4.ui.compatibility.editor) Context, variables: [], label: Conversion.java, iconURI: platform:/plugin/org.eclipse.jdt.ui/icons/full/obj16/jcu_obj.png, tooltip: null, dirty: false, closeable: true, description: null), AttName=widget, EventType=SET, OldValue=ContributedPartRenderer$2 {}, Widget=null}, AttName=widget, EventType=SET, OldValue=ContributedPartRenderer$2 {}} to handler org.eclipse.e4.ui.services.internal.events.UIEventHandler@11224f0
!STACK 0
java.lang.NullPointerException
	at org.eclipse.ui.internal.NavigationHistory.getDisplay(NavigationHistory.java:176)
	at org.eclipse.ui.internal.NavigationHistory.markEditor(NavigationHistory.java:193)
	at org.eclipse.ui.internal.WorkbenchPage.updateActiveEditorSources(WorkbenchPage.java:411)
	at org.eclipse.ui.internal.WorkbenchPage.firePartClosed(WorkbenchPage.java:5164)
	at org.eclipse.ui.internal.e4.compatibility.CompatibilityPart$1.handleEvent(CompatibilityPart.java:102)
	at org.eclipse.e4.ui.services.internal.events.UIEventHandler$1.run(UIEventHandler.java:40)
	at org.eclipse.swt.widgets.Synchronizer.syncExec(Synchronizer.java:233)
	at org.eclipse.ui.internal.UISynchronizer.syncExec(UISynchronizer.java:145)
	at org.eclipse.swt.widgets.Display.syncExec(Display.java:4821)
	at org.eclipse.e4.ui.internal.workbench.swt.E4Application$1.syncExec(E4Application.java:211)
	at org.eclipse.e4.ui.services.internal.events.UIEventHandler.handleEvent(UIEventHandler.java:36)
	at org.eclipse.equinox.internal.event.EventHandlerWrapper.handleEvent(EventHandlerWrapper.java:201)
	at org.eclipse.equinox.internal.event.EventHandlerTracker.dispatchEvent(EventHandlerTracker.java:197)
	at org.eclipse.equinox.internal.event.EventHandlerTracker.dispatchEvent(EventHandlerTracker.java:1)
	at org.eclipse.osgi.framework.eventmgr.EventManager.dispatchEvent(EventManager.java:230)
	at org.eclipse.osgi.framework.eventmgr.ListenerQueue.dispatchEventSynchronous(ListenerQueue.java:148)
	at org.eclipse.equinox.internal.event.EventAdminImpl.dispatchEvent(EventAdminImpl.java:135)
	at org.eclipse.equinox.internal.event.EventAdminImpl.sendEvent(EventAdminImpl.java:78)
	at org.eclipse.equinox.internal.event.EventComponent.sendEvent(EventComponent.java:39)
	at org.eclipse.e4.ui.services.internal.events.EventBroker.send(EventBroker.java:94)
	at org.eclipse.e4.ui.internal.workbench.UIEventPublisher.notifyChanged(UIEventPublisher.java:60)
	at org.eclipse.emf.common.notify.impl.BasicNotifierImpl.eNotify(BasicNotifierImpl.java:374)
	at org.eclipse.e4.ui.model.application.ui.impl.UIElementImpl.setWidget(UIElementImpl.java:261)
	at org.eclipse.e4.ui.workbench.renderers.swt.SWTPartRenderer.unbindWidget(SWTPartRenderer.java:151)
	at org.eclipse.e4.ui.workbench.renderers.swt.SWTPartRenderer$1.widgetDisposed(SWTPartRenderer.java:139)
	at org.eclipse.swt.widgets.TypedListener.handleEvent(TypedListener.java:124)
	at org.eclipse.swt.widgets.EventTable.sendEvent(EventTable.java:84)
	at org.eclipse.swt.widgets.Display.sendEvent(Display.java:4418)
	at org.eclipse.swt.widgets.Widget.sendEvent(Widget.java:1079)
	at org.eclipse.swt.widgets.Widget.sendEvent(Widget.java:1103)
	at org.eclipse.swt.widgets.Widget.sendEvent(Widget.java:1084)
	at org.eclipse.swt.widgets.Widget.release(Widget.java:836)
	at org.eclipse.swt.widgets.Composite.releaseChildren(Composite.java:952)
	at org.eclipse.swt.widgets.Widget.release(Widget.java:839)
	at org.eclipse.swt.widgets.Composite.releaseChildren(Composite.java:952)
	at org.eclipse.swt.widgets.Widget.release(Widget.java:839)
	at org.eclipse.swt.widgets.Composite.releaseChildren(Composite.java:952)
	at org.eclipse.swt.widgets.Widget.release(Widget.java:839)
	at org.eclipse.swt.widgets.Composite.releaseChildren(Composite.java:952)
	at org.eclipse.swt.widgets.Widget.release(Widget.java:839)
	at org.eclipse.swt.widgets.Composite.releaseChildren(Composite.java:952)
	at org.eclipse.swt.widgets.Widget.release(Widget.java:839)
	at org.eclipse.swt.widgets.Composite.releaseChildren(Composite.java:952)
	at org.eclipse.swt.widgets.Widget.release(Widget.java:839)
	at org.eclipse.swt.widgets.Composite.releaseChildren(Composite.java:952)
	at org.eclipse.swt.widgets.Widget.release(Widget.java:839)
	at org.eclipse.swt.widgets.Composite.releaseChildren(Composite.java:952)
	at org.eclipse.swt.widgets.Widget.release(Widget.java:839)
	at org.eclipse.swt.widgets.Composite.releaseChildren(Composite.java:952)
	at org.eclipse.swt.widgets.Canvas.releaseChildren(Canvas.java:171)
	at org.eclipse.swt.widgets.Decorations.releaseChildren(Decorations.java:807)
	at org.eclipse.swt.widgets.Shell.releaseChildren(Shell.java:1368)
	at org.eclipse.swt.widgets.Widget.release(Widget.java:839)
	at org.eclipse.swt.widgets.Widget.dispose(Widget.java:460)
	at org.eclipse.swt.widgets.Decorations.dispose(Decorations.java:459)
	at org.eclipse.swt.widgets.Shell.dispose(Shell.java:737)
	at org.eclipse.swt.widgets.Display.release(Display.java:3875)
	at org.eclipse.swt.graphics.Device.dispose(Device.java:298)
	at org.eclipse.swt.widgets.Display.messageProc(Display.java:3358)
	at org.eclipse.swt.internal.win32.OS.DefWindowProcW(Native Method)
	at org.eclipse.swt.internal.win32.OS.DefWindowProc(OS.java:2547)
	at org.eclipse.swt.widgets.Shell.callWindowProc(Shell.java:506)
	at org.eclipse.swt.widgets.Control.windowProc(Control.java:4897)
	at org.eclipse.swt.widgets.Canvas.windowProc(Canvas.java:359)
	at org.eclipse.swt.widgets.Decorations.windowProc(Decorations.java:1656)
	at org.eclipse.swt.widgets.Shell.windowProc(Shell.java:2199)
	at org.eclipse.swt.widgets.Display.windowProc(Display.java:5123)
	at org.eclipse.swt.internal.win32.OS.PeekMessageW(Native Method)
	at org.eclipse.swt.internal.win32.OS.PeekMessage(OS.java:3144)
	at org.eclipse.swt.widgets.Display.readAndDispatch(Display.java:3819)
	at org.eclipse.jface.window.Window.runEventLoop(Window.java:818)
	at org.eclipse.jface.window.Window.open(Window.java:794)
	at org.eclipse.jface.dialogs.MessageDialog.open(MessageDialog.java:396)
	at org.eclipse.jface.dialogs.MessageDialogWithToggle.open(MessageDialogWithToggle.java:115)
	at org.eclipse.jface.dialogs.MessageDialogWithToggle.openOkCancelConfirm(MessageDialogWithToggle.java:210)
	at org.eclipse.ui.internal.ide.application.IDEWorkbenchWindowAdvisor.promptOnExit(IDEWorkbenchWindowAdvisor.java:213)
	at org.eclipse.ui.internal.ide.application.IDEWorkbenchAdvisor$1.handleEvent(IDEWorkbenchAdvisor.java:165)
	at org.eclipse.swt.widgets.EventTable.sendEvent(EventTable.java:84)
	at org.eclipse.swt.widgets.Display.sendEvent(Display.java:4418)
	at org.eclipse.swt.widgets.Display.sendEvent(Display.java:4410)
	at org.eclipse.swt.widgets.Display.messageProc(Display.java:3371)
	at org.eclipse.swt.internal.win32.OS.DefWindowProcW(Native Method)
	at org.eclipse.swt.internal.win32.OS.DefWindowProc(OS.java:2547)
	at org.eclipse.swt.widgets.Shell.callWindowProc(Shell.java:506)
	at org.eclipse.swt.widgets.Control.windowProc(Control.java:4897)
	at org.eclipse.swt.widgets.Canvas.windowProc(Canvas.java:359)
	at org.eclipse.swt.widgets.Decorations.windowProc(Decorations.java:1656)
	at org.eclipse.swt.widgets.Shell.windowProc(Shell.java:2199)
	at org.eclipse.swt.widgets.Display.windowProc(Display.java:5110)
	at org.eclipse.swt.internal.win32.OS.PeekMessageW(Native Method)
	at org.eclipse.swt.internal.win32.OS.PeekMessage(OS.java:3144)
	at org.eclipse.swt.widgets.Display.readAndDispatch(Display.java:3819)
	at org.eclipse.e4.ui.internal.workbench.swt.PartRenderingEngine$4.run(PartRenderingEngine.java:1121)
	at org.eclipse.core.databinding.observable.Realm.runWithDefault(Realm.java:336)
	at org.eclipse.e4.ui.internal.workbench.swt.PartRenderingEngine.run(PartRenderingEngine.java:1022)
	at org.eclipse.e4.ui.internal.workbench.E4Workbench.createAndRunUI(E4Workbench.java:150)
	at org.eclipse.ui.internal.Workbench$5.run(Workbench.java:693)
	at org.eclipse.core.databinding.observable.Realm.runWithDefault(Realm.java:336)
	at org.eclipse.ui.internal.Workbench.createAndRunWorkbench(Workbench.java:610)
	at org.eclipse.ui.PlatformUI.createAndRunWorkbench(PlatformUI.java:148)
	at org.eclipse.ui.internal.ide.application.IDEApplication.start(IDEApplication.java:138)
	at org.eclipse.equinox.internal.app.EclipseAppHandle.run(EclipseAppHandle.java:196)
	at org.eclipse.core.runtime.internal.adaptor.EclipseAppLauncher.runApplication(EclipseAppLauncher.java:134)
	at org.eclipse.core.runtime.internal.adaptor.EclipseAppLauncher.start(EclipseAppLauncher.java:104)
	at org.eclipse.core.runtime.adaptor.EclipseStarter.run(EclipseStarter.java:388)
	at org.eclipse.core.runtime.adaptor.EclipseStarter.run(EclipseStarter.java:243)
	at sun.reflect.NativeMethodAccessorImpl.invoke0(Native Method)
	at sun.reflect.NativeMethodAccessorImpl.invoke(Unknown Source)
	at sun.reflect.DelegatingMethodAccessorImpl.invoke(Unknown Source)
	at java.lang.reflect.Method.invoke(Unknown Source)
	at org.eclipse.equinox.launcher.Main.invokeFramework(Main.java:673)
	at org.eclipse.equinox.launcher.Main.basicRun(Main.java:610)
	at org.eclipse.equinox.launcher.Main.run(Main.java:1519)

!ENTRY org.eclipse.ui 4 0 2018-11-23 13:31:21.810
!MESSAGE Unhandled event loop exception
!STACK 0
java.lang.NullPointerException
	at org.eclipse.ui.internal.ide.application.IDEWorkbenchAdvisor.preShutdown(IDEWorkbenchAdvisor.java:315)
	at org.eclipse.ui.internal.Workbench.busyClose(Workbench.java:1123)
	at org.eclipse.ui.internal.Workbench.access$22(Workbench.java:1118)
	at org.eclipse.ui.internal.Workbench$19.run(Workbench.java:1459)
	at org.eclipse.swt.custom.BusyIndicator.showWhile(BusyIndicator.java:52)
	at org.eclipse.ui.internal.Workbench.close(Workbench.java:1456)
	at org.eclipse.ui.internal.Workbench.close(Workbench.java:1429)
	at org.eclipse.ui.internal.Workbench$57.handleEvent(Workbench.java:2927)
	at org.eclipse.swt.widgets.EventTable.sendEvent(EventTable.java:84)
	at org.eclipse.swt.widgets.Display.sendEvent(Display.java:4418)
	at org.eclipse.swt.widgets.Display.sendEvent(Display.java:4410)
	at org.eclipse.swt.widgets.Display.messageProc(Display.java:3371)
	at org.eclipse.swt.internal.win32.OS.DefWindowProcW(Native Method)
	at org.eclipse.swt.internal.win32.OS.DefWindowProc(OS.java:2547)
	at org.eclipse.swt.widgets.Shell.callWindowProc(Shell.java:506)
	at org.eclipse.swt.widgets.Control.windowProc(Control.java:4897)
	at org.eclipse.swt.widgets.Canvas.windowProc(Canvas.java:359)
	at org.eclipse.swt.widgets.Decorations.windowProc(Decorations.java:1656)
	at org.eclipse.swt.widgets.Shell.windowProc(Shell.java:2199)
	at org.eclipse.swt.widgets.Display.windowProc(Display.java:5110)
	at org.eclipse.swt.internal.win32.OS.PeekMessageW(Native Method)
	at org.eclipse.swt.internal.win32.OS.PeekMessage(OS.java:3144)
	at org.eclipse.swt.widgets.Display.readAndDispatch(Display.java:3819)
	at org.eclipse.e4.ui.internal.workbench.swt.PartRenderingEngine$4.run(PartRenderingEngine.java:1121)
	at org.eclipse.core.databinding.observable.Realm.runWithDefault(Realm.java:336)
	at org.eclipse.e4.ui.internal.workbench.swt.PartRenderingEngine.run(PartRenderingEngine.java:1022)
	at org.eclipse.e4.ui.internal.workbench.E4Workbench.createAndRunUI(E4Workbench.java:150)
	at org.eclipse.ui.internal.Workbench$5.run(Workbench.java:693)
	at org.eclipse.core.databinding.observable.Realm.runWithDefault(Realm.java:336)
	at org.eclipse.ui.internal.Workbench.createAndRunWorkbench(Workbench.java:610)
	at org.eclipse.ui.PlatformUI.createAndRunWorkbench(PlatformUI.java:148)
	at org.eclipse.ui.internal.ide.application.IDEApplication.start(IDEApplication.java:138)
	at org.eclipse.equinox.internal.app.EclipseAppHandle.run(EclipseAppHandle.java:196)
	at org.eclipse.core.runtime.internal.adaptor.EclipseAppLauncher.runApplication(EclipseAppLauncher.java:134)
	at org.eclipse.core.runtime.internal.adaptor.EclipseAppLauncher.start(EclipseAppLauncher.java:104)
	at org.eclipse.core.runtime.adaptor.EclipseStarter.run(EclipseStarter.java:388)
	at org.eclipse.core.runtime.adaptor.EclipseStarter.run(EclipseStarter.java:243)
	at sun.reflect.NativeMethodAccessorImpl.invoke0(Native Method)
	at sun.reflect.NativeMethodAccessorImpl.invoke(Unknown Source)
	at sun.reflect.DelegatingMethodAccessorImpl.invoke(Unknown Source)
	at java.lang.reflect.Method.invoke(Unknown Source)
	at org.eclipse.equinox.launcher.Main.invokeFramework(Main.java:673)
	at org.eclipse.equinox.launcher.Main.basicRun(Main.java:610)
	at org.eclipse.equinox.launcher.Main.run(Main.java:1519)
!SESSION 2018-12-14 10:47:55.400 -----------------------------------------------
eclipse.buildId=4.6.2.M20161124-1400
java.version=1.8.0_112
java.vendor=Oracle Corporation
BootLoader constants: OS=win32, ARCH=x86, WS=win32, NL=en_PH
Framework arguments:  -product org.eclipse.epp.package.jee.product
Command-line arguments:  -os win32 -ws win32 -arch x86 -product org.eclipse.epp.package.jee.product

!ENTRY org.eclipse.core.resources 2 10035 2018-12-14 10:48:18.036
!MESSAGE The workspace exited with unsaved changes in the previous session; refreshing workspace to recover changes.

!ENTRY org.eclipse.osgi 2 0 2018-12-14 10:48:32.747
!MESSAGE While loading class "org.eclipse.egit.ui.internal.ConfigurationChecker$1$1", thread "Thread[Worker-0,5,main]" timed out waiting (5164ms) for thread "null" to finish starting bundle "org.eclipse.egit.ui_4.4.1.201607150455-r [276]". To avoid deadlock, thread "Thread[Worker-0,5,main]" is proceeding but "org.eclipse.egit.ui.internal.ConfigurationChecker$1$1" may not be fully initialized.
!STACK 0
org.osgi.framework.BundleException: Unable to acquire the state change lock for the module: osgi.identity; type="osgi.bundle"; version:Version="4.4.1.201607150455-r"; osgi.identity="org.eclipse.egit.ui"; singleton:="true" [id=276] STARTED [STARTED]
	at org.eclipse.osgi.container.Module.lockStateChange(Module.java:337)
	at org.eclipse.osgi.container.Module.start(Module.java:401)
	at org.eclipse.osgi.framework.util.SecureAction.start(SecureAction.java:470)
	at org.eclipse.osgi.internal.hooks.EclipseLazyStarter.postFindLocalClass(EclipseLazyStarter.java:107)
	at org.eclipse.osgi.internal.loader.classpath.ClasspathManager.findLocalClass(ClasspathManager.java:529)
	at org.eclipse.osgi.internal.loader.ModuleClassLoader.findLocalClass(ModuleClassLoader.java:325)
	at org.eclipse.osgi.internal.loader.BundleLoader.findLocalClass(BundleLoader.java:345)
	at org.eclipse.osgi.internal.loader.BundleLoader.findClassInternal(BundleLoader.java:423)
	at org.eclipse.osgi.internal.loader.BundleLoader.findClass(BundleLoader.java:372)
	at org.eclipse.osgi.internal.loader.BundleLoader.findClass(BundleLoader.java:364)
	at org.eclipse.osgi.internal.loader.ModuleClassLoader.loadClass(ModuleClassLoader.java:161)
	at java.lang.ClassLoader.loadClass(Unknown Source)
	at org.eclipse.egit.ui.internal.ConfigurationChecker$1.run(ConfigurationChecker.java:45)
	at org.eclipse.core.internal.jobs.Worker.run(Worker.java:55)
Caused by: java.util.concurrent.TimeoutException: Timeout after waiting 5 seconds to acquire the lock.
	at org.eclipse.osgi.container.Module.lockStateChange(Module.java:334)
	... 13 more
Root exception:
java.util.concurrent.TimeoutException: Timeout after waiting 5 seconds to acquire the lock.
	at org.eclipse.osgi.container.Module.lockStateChange(Module.java:334)
	at org.eclipse.osgi.container.Module.start(Module.java:401)
	at org.eclipse.osgi.framework.util.SecureAction.start(SecureAction.java:470)
	at org.eclipse.osgi.internal.hooks.EclipseLazyStarter.postFindLocalClass(EclipseLazyStarter.java:107)
	at org.eclipse.osgi.internal.loader.classpath.ClasspathManager.findLocalClass(ClasspathManager.java:529)
	at org.eclipse.osgi.internal.loader.ModuleClassLoader.findLocalClass(ModuleClassLoader.java:325)
	at org.eclipse.osgi.internal.loader.BundleLoader.findLocalClass(BundleLoader.java:345)
	at org.eclipse.osgi.internal.loader.BundleLoader.findClassInternal(BundleLoader.java:423)
	at org.eclipse.osgi.internal.loader.BundleLoader.findClass(BundleLoader.java:372)
	at org.eclipse.osgi.internal.loader.BundleLoader.findClass(BundleLoader.java:364)
	at org.eclipse.osgi.internal.loader.ModuleClassLoader.loadClass(ModuleClassLoader.java:161)
	at java.lang.ClassLoader.loadClass(Unknown Source)
	at org.eclipse.egit.ui.internal.ConfigurationChecker$1.run(ConfigurationChecker.java:45)
	at org.eclipse.core.internal.jobs.Worker.run(Worker.java:55)

!ENTRY org.eclipse.egit.ui 2 0 2018-12-14 10:49:12.138
!MESSAGE Warning: The environment variable HOME is not set. The following directory will be used to store the Git
user global configuration and to define the default location to store repositories: 'C:\Users\RM A-206'. If this is
not correct please set the HOME environment variable and restart Eclipse. Otherwise Git for Windows and
EGit might behave differently since they see different configuration options.
This warning can be switched off on the Team > Git > Confirmations and Warnings preference page.

!ENTRY org.eclipse.jface.text 2 0 2018-12-14 11:07:10.840
!MESSAGE Duplicate template id: 'org.eclipse.wst.xslt.templates.xpath.number'

!ENTRY org.eclipse.jface.text 2 0 2018-12-14 11:07:10.841
!MESSAGE Duplicate template id: 'org.eclipse.wst.xslt.templates.xpath.round'

!ENTRY org.eclipse.jface.text 2 0 2018-12-14 11:07:10.896
!MESSAGE Duplicate template id: 'org.eclipse.wst.xslt.templates.xpath.number'

!ENTRY org.eclipse.jface.text 2 0 2018-12-14 11:07:10.897
!MESSAGE Duplicate template id: 'org.eclipse.wst.xslt.templates.xpath.round'

!ENTRY org.eclipse.recommenders.models.rcp 1 11 2018-12-14 11:15:29.959
!MESSAGE The model index service was accessed either before it started or after it finished running.
!STACK 0
org.eclipse.recommenders.utils.Logs$LogTraceException
	at org.eclipse.recommenders.utils.Logs$LogTraceException.newTrace(Logs.java:381)
	at org.eclipse.recommenders.utils.Logs.log(Logs.java:134)
	at org.eclipse.recommenders.utils.Logs.log(Logs.java:126)
	at org.eclipse.recommenders.internal.models.rcp.EclipseModelIndex.suggest(EclipseModelIndex.java:212)
	at org.eclipse.recommenders.models.SimpleModelProvider.acquireModel(SimpleModelProvider.java:70)
	at org.eclipse.recommenders.models.PoolingModelProvider.access$0(PoolingModelProvider.java:1)
	at org.eclipse.recommenders.models.PoolingModelProvider$ModelPoolFactoryMediator.makeObject(PoolingModelProvider.java:96)
	at org.eclipse.recommenders.models.PoolingModelProvider$ModelPoolFactoryMediator.makeObject(PoolingModelProvider.java:1)
	at org.apache.commons.pool.impl.GenericKeyedObjectPool.borrowObject(GenericKeyedObjectPool.java:1220)
	at org.eclipse.recommenders.models.PoolingModelProvider.acquireModel(PoolingModelProvider.java:67)
	at org.eclipse.recommenders.internal.overrides.rcp.RcpOverrideModelProvider.acquireModel(RcpOverrideModelProvider.java:66)
	at org.eclipse.recommenders.internal.overrides.rcp.OverrideCompletionSessionProcessor.hasModel(OverrideCompletionSessionProcessor.java:121)
	at org.eclipse.recommenders.internal.overrides.rcp.OverrideCompletionSessionProcessor.startSession(OverrideCompletionSessionProcessor.java:86)
	at org.eclipse.recommenders.completion.rcp.processable.IntelligentCompletionProposalComputer.fireStartSession(IntelligentCompletionProposalComputer.java:304)
	at org.eclipse.recommenders.completion.rcp.processable.IntelligentCompletionProposalComputer.computeCompletionProposals(IntelligentCompletionProposalComputer.java:170)
	at org.eclipse.jdt.internal.ui.text.java.CompletionProposalComputerDescriptor.computeCompletionProposals(CompletionProposalComputerDescriptor.java:333)
	at org.eclipse.jdt.internal.ui.text.java.CompletionProposalCategory.computeCompletionProposals(CompletionProposalCategory.java:337)
	at org.eclipse.jdt.internal.ui.text.java.ContentAssistProcessor.collectProposals(ContentAssistProcessor.java:331)
	at org.eclipse.jdt.internal.ui.text.java.ContentAssistProcessor.computeCompletionProposals(ContentAssistProcessor.java:288)
	at org.eclipse.jface.text.contentassist.ContentAssistant$3.run(ContentAssistant.java:1931)
	at org.eclipse.core.runtime.SafeRunner.run(SafeRunner.java:42)
	at org.eclipse.jface.text.contentassist.ContentAssistant.computeCompletionProposals(ContentAssistant.java:1928)
	at org.eclipse.jface.text.contentassist.CompletionProposalPopup.computeProposals(CompletionProposalPopup.java:565)
	at org.eclipse.jface.text.contentassist.CompletionProposalPopup.access$16(CompletionProposalPopup.java:560)
	at org.eclipse.jface.text.contentassist.CompletionProposalPopup$2.run(CompletionProposalPopup.java:494)
	at org.eclipse.swt.custom.BusyIndicator.showWhile(BusyIndicator.java:70)
	at org.eclipse.jface.text.contentassist.CompletionProposalPopup.showProposals(CompletionProposalPopup.java:487)
	at org.eclipse.jface.text.contentassist.ContentAssistant.showPossibleCompletions(ContentAssistant.java:1747)
	at org.eclipse.jdt.internal.ui.javaeditor.CompilationUnitEditor$AdaptedSourceViewer.doOperation(CompilationUnitEditor.java:184)
	at org.eclipse.ui.texteditor.ContentAssistAction$1.run(ContentAssistAction.java:84)
	at org.eclipse.swt.custom.BusyIndicator.showWhile(BusyIndicator.java:70)
	at org.eclipse.ui.texteditor.ContentAssistAction.run(ContentAssistAction.java:81)
	at org.eclipse.jface.action.Action.runWithEvent(Action.java:473)
	at org.eclipse.jface.commands.ActionHandler.execute(ActionHandler.java:118)
	at org.eclipse.ui.internal.handlers.E4HandlerProxy.execute(E4HandlerProxy.java:90)
	at sun.reflect.NativeMethodAccessorImpl.invoke0(Native Method)
	at sun.reflect.NativeMethodAccessorImpl.invoke(Unknown Source)
	at sun.reflect.DelegatingMethodAccessorImpl.invoke(Unknown Source)
	at java.lang.reflect.Method.invoke(Unknown Source)
	at org.eclipse.e4.core.internal.di.MethodRequestor.execute(MethodRequestor.java:55)
	at org.eclipse.e4.core.internal.di.InjectorImpl.invokeUsingClass(InjectorImpl.java:282)
	at org.eclipse.e4.core.internal.di.InjectorImpl.invoke(InjectorImpl.java:264)
	at org.eclipse.e4.core.contexts.ContextInjectionFactory.invoke(ContextInjectionFactory.java:132)
	at org.eclipse.e4.core.commands.internal.HandlerServiceHandler.execute(HandlerServiceHandler.java:152)
	at org.eclipse.core.commands.Command.executeWithChecks(Command.java:494)
	at org.eclipse.core.commands.ParameterizedCommand.executeWithChecks(ParameterizedCommand.java:488)
	at org.eclipse.e4.core.commands.internal.HandlerServiceImpl.executeHandler(HandlerServiceImpl.java:210)
	at org.eclipse.e4.ui.bindings.keys.KeyBindingDispatcher.executeCommand(KeyBindingDispatcher.java:286)
	at org.eclipse.e4.ui.bindings.keys.KeyBindingDispatcher.press(KeyBindingDispatcher.java:507)
	at org.eclipse.e4.ui.bindings.keys.KeyBindingDispatcher.processKeyEvent(KeyBindingDispatcher.java:558)
	at org.eclipse.e4.ui.bindings.keys.KeyBindingDispatcher.filterKeySequenceBindings(KeyBindingDispatcher.java:378)
	at org.eclipse.e4.ui.bindings.keys.KeyBindingDispatcher.access$0(KeyBindingDispatcher.java:324)
	at org.eclipse.e4.ui.bindings.keys.KeyBindingDispatcher$KeyDownFilter.handleEvent(KeyBindingDispatcher.java:86)
	at org.eclipse.swt.widgets.EventTable.sendEvent(EventTable.java:84)
	at org.eclipse.swt.widgets.Display.filterEvent(Display.java:1270)
	at org.eclipse.swt.widgets.Widget.sendEvent(Widget.java:1078)
	at org.eclipse.swt.widgets.Widget.sendEvent(Widget.java:1103)
	at org.eclipse.swt.widgets.Widget.sendEvent(Widget.java:1088)
	at org.eclipse.swt.widgets.Widget.sendKeyEvent(Widget.java:1130)
	at org.eclipse.swt.widgets.Widget.sendKeyEvent(Widget.java:1126)
	at org.eclipse.swt.widgets.Widget.wmChar(Widget.java:1547)
	at org.eclipse.swt.widgets.Control.WM_CHAR(Control.java:4918)
	at org.eclipse.swt.widgets.Canvas.WM_CHAR(Canvas.java:364)
	at org.eclipse.swt.widgets.Control.windowProc(Control.java:4799)
	at org.eclipse.swt.widgets.Canvas.windowProc(Canvas.java:359)
	at org.eclipse.swt.widgets.Display.windowProc(Display.java:5110)
	at org.eclipse.swt.internal.win32.OS.DispatchMessageW(Native Method)
	at org.eclipse.swt.internal.win32.OS.DispatchMessage(OS.java:2552)
	at org.eclipse.swt.widgets.Display.readAndDispatch(Display.java:3822)
	at org.eclipse.e4.ui.internal.workbench.swt.PartRenderingEngine$4.run(PartRenderingEngine.java:1121)
	at org.eclipse.core.databinding.observable.Realm.runWithDefault(Realm.java:336)
	at org.eclipse.e4.ui.internal.workbench.swt.PartRenderingEngine.run(PartRenderingEngine.java:1022)
	at org.eclipse.e4.ui.internal.workbench.E4Workbench.createAndRunUI(E4Workbench.java:150)
	at org.eclipse.ui.internal.Workbench$5.run(Workbench.java:693)
	at org.eclipse.core.databinding.observable.Realm.runWithDefault(Realm.java:336)
	at org.eclipse.ui.internal.Workbench.createAndRunWorkbench(Workbench.java:610)
	at org.eclipse.ui.PlatformUI.createAndRunWorkbench(PlatformUI.java:148)
	at org.eclipse.ui.internal.ide.application.IDEApplication.start(IDEApplication.java:138)
	at org.eclipse.equinox.internal.app.EclipseAppHandle.run(EclipseAppHandle.java:196)
	at org.eclipse.core.runtime.internal.adaptor.EclipseAppLauncher.runApplication(EclipseAppLauncher.java:134)
	at org.eclipse.core.runtime.internal.adaptor.EclipseAppLauncher.start(EclipseAppLauncher.java:104)
	at org.eclipse.core.runtime.adaptor.EclipseStarter.run(EclipseStarter.java:388)
	at org.eclipse.core.runtime.adaptor.EclipseStarter.run(EclipseStarter.java:243)
	at sun.reflect.NativeMethodAccessorImpl.invoke0(Native Method)
	at sun.reflect.NativeMethodAccessorImpl.invoke(Unknown Source)
	at sun.reflect.DelegatingMethodAccessorImpl.invoke(Unknown Source)
	at java.lang.reflect.Method.invoke(Unknown Source)
	at org.eclipse.equinox.launcher.Main.invokeFramework(Main.java:673)
	at org.eclipse.equinox.launcher.Main.basicRun(Main.java:610)
	at org.eclipse.equinox.launcher.Main.run(Main.java:1519)

!ENTRY org.eclipse.recommenders.types.rcp 1 4 2018-12-14 11:41:15.557
!MESSAGE Full project indexing required:
  [+] C:\Program Files (x86)\Java\jre1.8.0_112\lib\charsets.jar
  [+] C:\Program Files (x86)\Java\jre1.8.0_112\lib\ext\VisWeb.jar
  [+] C:\Program Files (x86)\Java\jre1.8.0_112\lib\ext\VisWebS.jar
  [+] C:\Program Files (x86)\Java\jre1.8.0_112\lib\ext\access-bridge-32.jar
  [+] C:\Program Files (x86)\Java\jre1.8.0_112\lib\ext\cldrdata.jar
  [+] C:\Program Files (x86)\Java\jre1.8.0_112\lib\ext\dnsns.jar
  [+] C:\Program Files (x86)\Java\jre1.8.0_112\lib\ext\eaisupport.jar
  [+] C:\Program Files (x86)\Java\jre1.8.0_112\lib\ext\eaisupportS.jar
  [+] C:\Program Files (x86)\Java\jre1.8.0_112\lib\ext\jaccess.jar
  [+] C:\Program Files (x86)\Java\jre1.8.0_112\lib\ext\jfxrt.jar
  [+] C:\Program Files (x86)\Java\jre1.8.0_112\lib\ext\localedata.jar
  [+] C:\Program Files (x86)\Java\jre1.8.0_112\lib\ext\nashorn.jar
  [+] C:\Program Files (x86)\Java\jre1.8.0_112\lib\ext\sunec.jar
  [+] C:\Program Files (x86)\Java\jre1.8.0_112\lib\ext\sunjce_provider.jar
  [+] C:\Program Files (x86)\Java\jre1.8.0_112\lib\ext\sunmscapi.jar
  [+] C:\Program Files (x86)\Java\jre1.8.0_112\lib\ext\sunpkcs11.jar
  [+] C:\Program Files (x86)\Java\jre1.8.0_112\lib\ext\zipfs.jar
  [+] C:\Program Files (x86)\Java\jre1.8.0_112\lib\jce.jar
  [+] C:\Program Files (x86)\Java\jre1.8.0_112\lib\jfr.jar
  [+] C:\Program Files (x86)\Java\jre1.8.0_112\lib\jsse.jar
  [+] C:\Program Files (x86)\Java\jre1.8.0_112\lib\resources.jar
  [+] C:\Program Files (x86)\Java\jre1.8.0_112\lib\rt.jar

!STACK 0
org.eclipse.recommenders.utils.Logs$LogTraceException
	at org.eclipse.recommenders.utils.Logs$LogTraceException.newTrace(Logs.java:381)
	at org.eclipse.recommenders.utils.Logs.log(Logs.java:134)
	at org.eclipse.recommenders.internal.types.rcp.ProjectTypesIndex.needsRebuild(ProjectTypesIndex.java:169)
	at org.eclipse.recommenders.internal.types.rcp.ProjectTypesIndex.startUp(ProjectTypesIndex.java:122)
	at com.google.common.util.concurrent.AbstractIdleService$2$1.run(AbstractIdleService.java:54)
	at com.google.common.util.concurrent.Callables$3.run(Callables.java:93)
	at java.lang.Thread.run(Unknown Source)
